# JRE version: OpenJDK Runtime Environment Temurin-21.0.10+7 (21.0.10+7) (build 21.0.10+7-LTS)
# Java VM: OpenJDK 64-Bit Server VM Temurin-21.0.10+7 (21.0.10+7-LTS, mixed mode, sharing, tiered, compressed oops, compressed class ptrs, parallel gc, windows-amd64)
GC Precious Log:
 CardTable entry size: 512
 CPUs: 12 total, 12 available
 Memory: 7498M
 Large Page Support: Disabled
 NUMA Support: Disabled
 Compressed Oops: Enabled (32-bit)
 Alignments: Space 512K, Generation 512K, Heap 2M
 Heap Min Capacity: 100M
 Heap Initial Capacity: 100M
 Heap Max Capacity: 2G
 Pre-touch: Disabled
 Parallel Workers: 10
Heap:
 PSYoungGen      total 2560K, used 913K [0x00000000d5580000, 0x00000000d5880000, 0x0000000100000000)
  eden space 2048K, 28% used [0x00000000d5580000,0x00000000d5614770,0x00000000d5780000)
  from space 512K, 62% used [0x00000000d5800000,0x00000000d5850000,0x00000000d5880000)
  to   space 512K, 0% used [0x00000000d5780000,0x00000000d5780000,0x00000000d5800000)
 ParOldGen       total 816640K, used 378637K [0x0000000080000000, 0x00000000b1d80000, 0x00000000d5580000)
  object space 816640K, 46% used [0x0000000080000000,0x00000000971c34e0,0x00000000b1d80000)
 Metaspace       used 86335K, committed 88128K, reserved 1179648K
  class space    used 8898K, committed 9664K, reserved 1048576K
GC Heap History (20 events):
Event: 767.101 GC heap before
{Heap before GC invocations=2013 (full 4):
 PSYoungGen      total 1536K, used 1527K [0x00000000d5580000, 0x00000000d5a00000, 0x0000000100000000)
  eden space 1024K, 100% used [0x00000000d5580000,0x00000000d5680000,0x00000000d5680000)
  from space 512K, 98% used [0x00000000d5800000,0x00000000d587dcb8,0x00000000d5880000)
  to   space 1536K, 0% used [0x00000000d5680000,0x00000000d5680000,0x00000000d5800000)
 ParOldGen       total 816640K, used 376050K [0x0000000080000000, 0x00000000b1d80000, 0x00000000d5580000)
  object space 816640K, 46% used [0x0000000080000000,0x0000000096f3c810,0x00000000b1d80000)
 Metaspace       used 85184K, committed 86912K, reserved 1179648K
  class space    used 8744K, committed 9472K, reserved 1048576K
}
Event: 767.104 GC heap after
{Heap after GC invocations=2013 (full 4):
 PSYoungGen      total 1536K, used 320K [0x00000000d5580000, 0x00000000d5880000, 0x0000000100000000)
  eden space 1024K, 0% used [0x00000000d5580000,0x00000000d5580000,0x00000000d5680000)
  from space 512K, 62% used [0x00000000d5680000,0x00000000d56d0000,0x00000000d5700000)
  to   space 1024K, 0% used [0x00000000d5780000,0x00000000d5780000,0x00000000d5880000)
 ParOldGen       total 816640K, used 376692K [0x0000000080000000, 0x00000000b1d80000, 0x00000000d5580000)
  object space 816640K, 46% used [0x0000000080000000,0x0000000096fdd338,0x00000000b1d80000)
 Metaspace       used 85184K, committed 86912K, reserved 1179648K
  class space    used 8744K, committed 9472K, reserved 1048576K
}
Event: 767.108 GC heap before
{Heap before GC invocations=2014 (full 4):
 PSYoungGen      total 1536K, used 1343K [0x00000000d5580000, 0x00000000d5880000, 0x0000000100000000)
  eden space 1024K, 99% used [0x00000000d5580000,0x00000000d567ffe8,0x00000000d5680000)
  from space 512K, 62% used [0x00000000d5680000,0x00000000d56d0000,0x00000000d5700000)
  to   space 1024K, 0% used [0x00000000d5780000,0x00000000d5780000,0x00000000d5880000)
 ParOldGen       total 816640K, used 376692K [0x0000000080000000, 0x00000000b1d80000, 0x00000000d5580000)
  object space 816640K, 46% used [0x0000000080000000,0x0000000096fdd338,0x00000000b1d80000)
 Metaspace       used 85187K, committed 86912K, reserved 1179648K
  class space    used 8744K, committed 9472K, reserved 1048576K
}
Event: 767.110 GC heap after
{Heap after GC invocations=2014 (full 4):
 PSYoungGen      total 2048K, used 814K [0x00000000d5580000, 0x00000000d5900000, 0x0000000100000000)
  eden space 1024K, 0% used [0x00000000d5580000,0x00000000d5580000,0x00000000d5680000)
  from space 1024K, 79% used [0x00000000d5780000,0x00000000d584baf8,0x00000000d5880000)
  to   space 1024K, 0% used [0x00000000d5680000,0x00000000d5680000,0x00000000d5780000)
 ParOldGen       total 816640K, used 376836K [0x0000000080000000, 0x00000000b1d80000, 0x00000000d5580000)
  object space 816640K, 46% used [0x0000000080000000,0x0000000097001338,0x00000000b1d80000)
 Metaspace       used 85187K, committed 86912K, reserved 1179648K
  class space    used 8744K, committed 9472K, reserved 1048576K
}
Event: 767.114 GC heap before
{Heap before GC invocations=2015 (full 4):
 PSYoungGen      total 2048K, used 1838K [0x00000000d5580000, 0x00000000d5900000, 0x0000000100000000)
  eden space 1024K, 100% used [0x00000000d5580000,0x00000000d5680000,0x00000000d5680000)
  from space 1024K, 79% used [0x00000000d5780000,0x00000000d584baf8,0x00000000d5880000)
  to   space 1024K, 0% used [0x00000000d5680000,0x00000000d5680000,0x00000000d5780000)
 ParOldGen       total 816640K, used 376836K [0x0000000080000000, 0x00000000b1d80000, 0x00000000d5580000)
  object space 816640K, 46% used [0x0000000080000000,0x0000000097001338,0x00000000b1d80000)
 Metaspace       used 85189K, committed 86912K, reserved 1179648K
  class space    used 8744K, committed 9472K, reserved 1048576K
}
Event: 767.116 GC heap after
{Heap after GC invocations=2015 (full 4):
 PSYoungGen      total 2048K, used 456K [0x00000000d5580000, 0x00000000d5900000, 0x0000000100000000)
  eden space 1024K, 0% used [0x00000000d5580000,0x00000000d5580000,0x00000000d5680000)
  from space 1024K, 44% used [0x00000000d5680000,0x00000000d56f23c0,0x00000000d5780000)
  to   space 1024K, 0% used [0x00000000d5800000,0x00000000d5800000,0x00000000d5900000)
 ParOldGen       total 816640K, used 377678K [0x0000000080000000, 0x00000000b1d80000, 0x00000000d5580000)
  object space 816640K, 46% used [0x0000000080000000,0x00000000970d3ab0,0x00000000b1d80000)
 Metaspace       used 85189K, committed 86912K, reserved 1179648K
  class space    used 8744K, committed 9472K, reserved 1048576K
}
Event: 767.122 GC heap before
{Heap before GC invocations=2016 (full 4):
 PSYoungGen      total 2048K, used 1472K [0x00000000d5580000, 0x00000000d5900000, 0x0000000100000000)
  eden space 1024K, 99% used [0x00000000d5580000,0x00000000d567df50,0x00000000d5680000)
  from space 1024K, 44% used [0x00000000d5680000,0x00000000d56f23c0,0x00000000d5780000)
  to   space 1024K, 0% used [0x00000000d5800000,0x00000000d5800000,0x00000000d5900000)
 ParOldGen       total 816640K, used 377678K [0x0000000080000000, 0x00000000b1d80000, 0x00000000d5580000)
  object space 816640K, 46% used [0x0000000080000000,0x00000000970d3ab0,0x00000000b1d80000)
 Metaspace       used 85189K, committed 86912K, reserved 1179648K
  class space    used 8744K, committed 9472K, reserved 1048576K
}
Event: 767.124 GC heap after
{Heap after GC invocations=2016 (full 4):
 PSYoungGen      total 2048K, used 352K [0x00000000d5580000, 0x00000000d5880000, 0x0000000100000000)
  eden space 1536K, 0% used [0x00000000d5580000,0x00000000d5580000,0x00000000d5700000)
  from space 512K, 68% used [0x00000000d5800000,0x00000000d5858000,0x00000000d5880000)
  to   space 512K, 0% used [0x00000000d5780000,0x00000000d5780000,0x00000000d5800000)
 ParOldGen       total 816640K, used 377935K [0x0000000080000000, 0x00000000b1d80000, 0x00000000d5580000)
  object space 816640K, 46% used [0x0000000080000000,0x0000000097113e70,0x00000000b1d80000)
 Metaspace       used 85189K, committed 86912K, reserved 1179648K
  class space    used 8744K, committed 9472K, reserved 1048576K
}
Event: 767.155 GC heap before
{Heap before GC invocations=2017 (full 4):
 PSYoungGen      total 2048K, used 1888K [0x00000000d5580000, 0x00000000d5880000, 0x0000000100000000)
  eden space 1536K, 100% used [0x00000000d5580000,0x00000000d5700000,0x00000000d5700000)
  from space 512K, 68% used [0x00000000d5800000,0x00000000d5858000,0x00000000d5880000)
  to   space 512K, 0% used [0x00000000d5780000,0x00000000d5780000,0x00000000d5800000)
 ParOldGen       total 816640K, used 377935K [0x0000000080000000, 0x00000000b1d80000, 0x00000000d5580000)
  object space 816640K, 46% used [0x0000000080000000,0x0000000097113e70,0x00000000b1d80000)
 Metaspace       used 85417K, committed 87168K, reserved 1179648K
  class space    used 8760K, committed 9536K, reserved 1048576K
}
Event: 767.157 GC heap after
{Heap after GC invocations=2017 (full 4):
 PSYoungGen      total 2560K, used 256K [0x00000000d5580000, 0x00000000d5880000, 0x0000000100000000)
  eden space 2048K, 0% used [0x00000000d5580000,0x00000000d5580000,0x00000000d5780000)
  from space 512K, 50% used [0x00000000d5780000,0x00000000d57c0000,0x00000000d5800000)
  to   space 512K, 0% used [0x00000000d5800000,0x00000000d5800000,0x00000000d5880000)
 ParOldGen       total 816640K, used 378055K [0x0000000080000000, 0x00000000b1d80000, 0x00000000d5580000)
  object space 816640K, 46% used [0x0000000080000000,0x0000000097131e70,0x00000000b1d80000)
 Metaspace       used 85417K, committed 87168K, reserved 1179648K
  class space    used 8760K, committed 9536K, reserved 1048576K
}
Event: 767.254 GC heap before
{Heap before GC invocations=2018 (full 4):
 PSYoungGen      total 2560K, used 2304K [0x00000000d5580000, 0x00000000d5880000, 0x0000000100000000)
  eden space 2048K, 100% used [0x00000000d5580000,0x00000000d5780000,0x00000000d5780000)
  from space 512K, 50% used [0x00000000d5780000,0x00000000d57c0000,0x00000000d5800000)
  to   space 512K, 0% used [0x00000000d5800000,0x00000000d5800000,0x00000000d5880000)
 ParOldGen       total 816640K, used 378055K [0x0000000080000000, 0x00000000b1d80000, 0x00000000d5580000)
  object space 816640K, 46% used [0x0000000080000000,0x0000000097131e70,0x00000000b1d80000)
 Metaspace       used 85829K, committed 87616K, reserved 1179648K
  class space    used 8834K, committed 9600K, reserved 1048576K
}
Event: 767.257 GC heap after
{Heap after GC invocations=2018 (full 4):
 PSYoungGen      total 2560K, used 352K [0x00000000d5580000, 0x00000000d5880000, 0x0000000100000000)
  eden space 2048K, 0% used [0x00000000d5580000,0x00000000d5580000,0x00000000d5780000)
  from space 512K, 68% used [0x00000000d5800000,0x00000000d5858000,0x00000000d5880000)
  to   space 512K, 0% used [0x00000000d5780000,0x00000000d5780000,0x00000000d5800000)
 ParOldGen       total 816640K, used 378177K [0x0000000080000000, 0x00000000b1d80000, 0x00000000d5580000)
  object space 816640K, 46% used [0x0000000080000000,0x00000000971504d0,0x00000000b1d80000)
 Metaspace       used 85829K, committed 87616K, reserved 1179648K
  class space    used 8834K, committed 9600K, reserved 1048576K
}
Event: 767.331 GC heap before
{Heap before GC invocations=2019 (full 4):
 PSYoungGen      total 2560K, used 2400K [0x00000000d5580000, 0x00000000d5880000, 0x0000000100000000)
  eden space 2048K, 100% used [0x00000000d5580000,0x00000000d5780000,0x00000000d5780000)
  from space 512K, 68% used [0x00000000d5800000,0x00000000d5858000,0x00000000d5880000)
  to   space 512K, 0% used [0x00000000d5780000,0x00000000d5780000,0x00000000d5800000)
 ParOldGen       total 816640K, used 378177K [0x0000000080000000, 0x00000000b1d80000, 0x00000000d5580000)
  object space 816640K, 46% used [0x0000000080000000,0x00000000971504d0,0x00000000b1d80000)
 Metaspace       used 86182K, committed 88000K, reserved 1179648K
  class space    used 8880K, committed 9664K, reserved 1048576K
}
Event: 767.333 GC heap after
{Heap after GC invocations=2019 (full 4):
 PSYoungGen      total 2560K, used 416K [0x00000000d5580000, 0x00000000d5880000, 0x0000000100000000)
  eden space 2048K, 0% used [0x00000000d5580000,0x00000000d5580000,0x00000000d5780000)
  from space 512K, 81% used [0x00000000d5780000,0x00000000d57e8000,0x00000000d5800000)
  to   space 512K, 0% used [0x00000000d5800000,0x00000000d5800000,0x00000000d5880000)
 ParOldGen       total 816640K, used 378341K [0x0000000080000000, 0x00000000b1d80000, 0x00000000d5580000)
  object space 816640K, 46% used [0x0000000080000000,0x00000000971794e0,0x00000000b1d80000)
 Metaspace       used 86182K, committed 88000K, reserved 1179648K
  class space    used 8880K, committed 9664K, reserved 1048576K
}
Event: 767.361 GC heap before
{Heap before GC invocations=2020 (full 4):
 PSYoungGen      total 2560K, used 2464K [0x00000000d5580000, 0x00000000d5880000, 0x0000000100000000)
  eden space 2048K, 100% used [0x00000000d5580000,0x00000000d5780000,0x00000000d5780000)
  from space 512K, 81% used [0x00000000d5780000,0x00000000d57e8000,0x00000000d5800000)
  to   space 512K, 0% used [0x00000000d5800000,0x00000000d5800000,0x00000000d5880000)
 ParOldGen       total 816640K, used 378341K [0x0000000080000000, 0x00000000b1d80000, 0x00000000d5580000)
  object space 816640K, 46% used [0x0000000080000000,0x00000000971794e0,0x00000000b1d80000)
 Metaspace       used 86192K, committed 88000K, reserved 1179648K
  class space    used 8881K, committed 9664K, reserved 1048576K
}
Event: 767.363 GC heap after
{Heap after GC invocations=2020 (full 4):
 PSYoungGen      total 2560K, used 256K [0x00000000d5580000, 0x00000000d5880000, 0x0000000100000000)
  eden space 2048K, 0% used [0x00000000d5580000,0x00000000d5580000,0x00000000d5780000)
  from space 512K, 50% used [0x00000000d5800000,0x00000000d5840000,0x00000000d5880000)
  to   space 512K, 0% used [0x00000000d5780000,0x00000000d5780000,0x00000000d5800000)
 ParOldGen       total 816640K, used 378501K [0x0000000080000000, 0x00000000b1d80000, 0x00000000d5580000)
  object space 816640K, 46% used [0x0000000080000000,0x00000000971a14e0,0x00000000b1d80000)
 Metaspace       used 86192K, committed 88000K, reserved 1179648K
  class space    used 8881K, committed 9664K, reserved 1048576K
}
Event: 767.392 GC heap before
{Heap before GC invocations=2021 (full 4):
 PSYoungGen      total 2560K, used 2304K [0x00000000d5580000, 0x00000000d5880000, 0x0000000100000000)
  eden space 2048K, 100% used [0x00000000d5580000,0x00000000d5780000,0x00000000d5780000)
  from space 512K, 50% used [0x00000000d5800000,0x00000000d5840000,0x00000000d5880000)
  to   space 512K, 0% used [0x00000000d5780000,0x00000000d5780000,0x00000000d5800000)
 ParOldGen       total 816640K, used 378501K [0x0000000080000000, 0x00000000b1d80000, 0x00000000d5580000)
  object space 816640K, 46% used [0x0000000080000000,0x00000000971a14e0,0x00000000b1d80000)
 Metaspace       used 86234K, committed 88000K, reserved 1179648K
  class space    used 8885K, committed 9664K, reserved 1048576K
}
Event: 767.393 GC heap after
{Heap after GC invocations=2021 (full 4):
 PSYoungGen      total 2560K, used 256K [0x00000000d5580000, 0x00000000d5880000, 0x0000000100000000)
  eden space 2048K, 0% used [0x00000000d5580000,0x00000000d5580000,0x00000000d5780000)
  from space 512K, 50% used [0x00000000d5780000,0x00000000d57c0000,0x00000000d5800000)
  to   space 512K, 0% used [0x00000000d5800000,0x00000000d5800000,0x00000000d5880000)
 ParOldGen       total 816640K, used 378581K [0x0000000080000000, 0x00000000b1d80000, 0x00000000d5580000)
  object space 816640K, 46% used [0x0000000080000000,0x00000000971b54e0,0x00000000b1d80000)
 Metaspace       used 86234K, committed 88000K, reserved 1179648K
  class space    used 8885K, committed 9664K, reserved 1048576K
}
Event: 767.433 GC heap before
{Heap before GC invocations=2022 (full 4):
 PSYoungGen      total 2560K, used 2304K [0x00000000d5580000, 0x00000000d5880000, 0x0000000100000000)
  eden space 2048K, 100% used [0x00000000d5580000,0x00000000d5780000,0x00000000d5780000)
  from space 512K, 50% used [0x00000000d5780000,0x00000000d57c0000,0x00000000d5800000)
  to   space 512K, 0% used [0x00000000d5800000,0x00000000d5800000,0x00000000d5880000)
 ParOldGen       total 816640K, used 378581K [0x0000000080000000, 0x00000000b1d80000, 0x00000000d5580000)
  object space 816640K, 46% used [0x0000000080000000,0x00000000971b54e0,0x00000000b1d80000)
 Metaspace       used 86277K, committed 88064K, reserved 1179648K
  class space    used 8891K, committed 9664K, reserved 1048576K
}
Event: 767.435 GC heap after
{Heap after GC invocations=2022 (full 4):
 PSYoungGen      total 2560K, used 320K [0x00000000d5580000, 0x00000000d5880000, 0x0000000100000000)
  eden space 2048K, 0% used [0x00000000d5580000,0x00000000d5580000,0x00000000d5780000)
  from space 512K, 62% used [0x00000000d5800000,0x00000000d5850000,0x00000000d5880000)
  to   space 512K, 0% used [0x00000000d5780000,0x00000000d5780000,0x00000000d5800000)
 ParOldGen       total 816640K, used 378637K [0x0000000080000000, 0x00000000b1d80000, 0x00000000d5580000)
  object space 816640K, 46% used [0x0000000080000000,0x00000000971c34e0,0x00000000b1d80000)
 Metaspace       used 86277K, committed 88064K, reserved 1179648K
  class space    used 8891K, committed 9664K, reserved 1048576K
}

